<?xml version="1.0" encoding="UTF-8"?>
<!-- Generated by org.testng.reporters.JUnitReportReporter -->
<testsuite skipped="0" hostname="LAPTOP-FCKSJAP5" name="org.pom.fun.FunStuff.YouTubeHomePageTest" tests="1" failures="0" timestamp="21 Oct 2018 09:08:34 GMT" time="14.956" errors="0">
  <testcase name="clickLinkTest" time="14.956" classname="org.pom.fun.FunStuff.YouTubeHomePageTest"/>
</testsuite> <!-- org.pom.fun.FunStuff.YouTubeHomePageTest -->
